€(asctime)s €(levelname)s: €(message)s [in €pathnames:1891]
Traceback (most recent call last):
  File "c:\users\kwssw\onedrive\documentos\workspace\academy\venv\lib\site-packages\flask\app.py", line 2447, in wsgi_app
    response = self.full_dispatch_request()
  File "c:\users\kwssw\onedrive\documentos\workspace\academy\venv\lib\site-packages\flask\app.py", line 1952, in full_dispatch_request
    rv = self.handle_user_exception(e)
  File "c:\users\kwssw\onedrive\documentos\workspace\academy\venv\lib\site-packages\flask\app.py", line 1821, in handle_user_exception
    reraise(exc_type, exc_value, tb)
  File "c:\users\kwssw\onedrive\documentos\workspace\academy\venv\lib\site-packages\flask\_compat.py", line 39, in reraise
    raise value
  File "c:\users\kwssw\onedrive\documentos\workspace\academy\venv\lib\site-packages\flask\app.py", line 1950, in full_dispatch_request
    rv = self.dispatch_request()
  File "c:\users\kwssw\onedrive\documentos\workspace\academy\venv\lib\site-packages\flask\app.py", line 1936, in dispatch_request
    return self.view_functions[rule.endpoint](**req.view_args)
  File "c:\users\kwssw\onedrive\documentos\workspace\academy\venv\lib\site-packages\flask_login\utils.py", line 272, in decorated_view
    return func(*args, **kwargs)
  File "C:\Users\kwssw\OneDrive\Documentos\Workspace\academy\app\classes\routes.py", line 482, in no_show
    return redirect(url_for('classes.view_class', name=lesson.name, academy=academy.name))
NameError: name 'academy' is not defined
€(asctime)s €(levelname)s: €(message)s [in €pathnames:92]
€(asctime)s €(levelname)s: €(message)s [in €pathnames:92]
€(asctime)s €(levelname)s: €(message)s [in €pathnames:92]
€(asctime)s €(levelname)s: €(message)s [in €pathnames:92]
€(asctime)s €(levelname)s: €(message)s [in €pathnames:92]
€(asctime)s €(levelname)s: €(message)s [in €pathnames:92]
€(asctime)s €(levelname)s: €(message)s [in €pathnames:92]
€(asctime)s €(levelname)s: €(message)s [in €pathnames:92]
€(asctime)s €(levelname)s: €(message)s [in €pathnames:92]
